0 info it worked if it ends with ok
1 verbose cli [ 'c:\\Program Files\\nodejs\\node.exe',
1 verbose cli   'c:\\Program Files\\nodejs\\node_modules\\npm\\bin\\npm-cli.js',
1 verbose cli   'install',
1 verbose cli   '-g',
1 verbose cli   'docpad@6.48' ]
2 info using npm@1.2.21
3 info using node@v0.10.7
4 verbose read json C:\Users\Michael\AppData\Roaming\npm\package.json
5 verbose read json C:\Users\Michael\AppData\Roaming\npm\package.json
6 verbose cache add [ 'docpad@6.48', null ]
7 verbose cache add name=undefined spec="docpad@6.48" args=["docpad@6.48",null]
8 verbose parsed url { protocol: null,
8 verbose parsed url   slashes: null,
8 verbose parsed url   auth: null,
8 verbose parsed url   host: null,
8 verbose parsed url   port: null,
8 verbose parsed url   hostname: null,
8 verbose parsed url   hash: null,
8 verbose parsed url   search: null,
8 verbose parsed url   query: null,
8 verbose parsed url   pathname: 'docpad@6.48',
8 verbose parsed url   path: 'docpad@6.48',
8 verbose parsed url   href: 'docpad@6.48' }
9 verbose cache add name="docpad" spec="6.48" args=["docpad","6.48"]
10 verbose parsed url { protocol: null,
10 verbose parsed url   slashes: null,
10 verbose parsed url   auth: null,
10 verbose parsed url   host: null,
10 verbose parsed url   port: null,
10 verbose parsed url   hostname: null,
10 verbose parsed url   hash: null,
10 verbose parsed url   search: null,
10 verbose parsed url   query: null,
10 verbose parsed url   pathname: '6.48',
10 verbose parsed url   path: '6.48',
10 verbose parsed url   href: '6.48' }
11 verbose addNamed [ 'docpad', '6.48' ]
12 verbose addNamed [ null, '>=6.48.0- <6.49.0-' ]
13 silly lockFile 1013769c-docpad-6-48 docpad@6.48
14 verbose lock docpad@6.48 C:\Users\Michael\AppData\Roaming\npm-cache\1013769c-docpad-6-48.lock
15 silly addNameRange { name: 'docpad', range: '>=6.48.0- <6.49.0-', hasData: false }
16 verbose url raw docpad
17 verbose url resolving [ 'https://registry.npmjs.org/', './docpad' ]
18 verbose url resolved https://registry.npmjs.org/docpad
19 info trying registry request attempt 1 at 11:47:17
20 verbose etag "EQADDSKZVL9FG5AJN3ON8CP9X"
21 http GET https://registry.npmjs.org/docpad
22 http 304 https://registry.npmjs.org/docpad
23 silly registry.get cb [ 304,
23 silly registry.get   { server: 'CouchDB/1.3.0 (Erlang OTP/R15B03)',
23 silly registry.get     etag: '"EQADDSKZVL9FG5AJN3ON8CP9X"',
23 silly registry.get     date: 'Mon, 05 Aug 2013 15:47:17 GMT',
23 silly registry.get     'content-length': '0' } ]
24 verbose etag docpad from cache
25 silly addNameRange number 2 { name: 'docpad', range: '>=6.48.0- <6.49.0-', hasData: true }
26 silly addNameRange versions [ 'docpad',
26 silly addNameRange   [ '0.1.0',
26 silly addNameRange     '0.4.0',
26 silly addNameRange     '0.5.0',
26 silly addNameRange     '0.5.1',
26 silly addNameRange     '0.6.0',
26 silly addNameRange     '0.6.1',
26 silly addNameRange     '0.7.0',
26 silly addNameRange     '0.8.0',
26 silly addNameRange     '0.8.1',
26 silly addNameRange     '0.8.3',
26 silly addNameRange     '0.9.0',
26 silly addNameRange     '0.9.1',
26 silly addNameRange     '0.9.2',
26 silly addNameRange     '0.9.3',
26 silly addNameRange     '0.9.4',
26 silly addNameRange     '0.9.5',
26 silly addNameRange     '0.9.6',
26 silly addNameRange     '0.9.7',
26 silly addNameRange     '0.9.8',
26 silly addNameRange     '0.9.9',
26 silly addNameRange     '0.9.10',
26 silly addNameRange     '0.9.11',
26 silly addNameRange     '0.9.12',
26 silly addNameRange     '0.9.13',
26 silly addNameRange     '0.9.14',
26 silly addNameRange     '0.9.15',
26 silly addNameRange     '0.9.16',
26 silly addNameRange     '0.9.17',
26 silly addNameRange     '0.9.18',
26 silly addNameRange     '0.9.19',
26 silly addNameRange     '0.9.20',
26 silly addNameRange     '0.9.21',
26 silly addNameRange     '0.9.22',
26 silly addNameRange     '0.10.0',
26 silly addNameRange     '1.0.0',
26 silly addNameRange     '1.0.1',
26 silly addNameRange     '1.0.2',
26 silly addNameRange     '1.0.3',
26 silly addNameRange     '1.1.1',
26 silly addNameRange     '1.1.2',
26 silly addNameRange     '1.1.3',
26 silly addNameRange     '1.1.4',
26 silly addNameRange     '1.1.6',
26 silly addNameRange     '1.2.0',
26 silly addNameRange     '1.2.1',
26 silly addNameRange     '1.2.2',
26 silly addNameRange     '1.2.3',
26 silly addNameRange     '1.2.4',
26 silly addNameRange     '1.2.5',
26 silly addNameRange     '1.3.0',
26 silly addNameRange     '1.3.1',
26 silly addNameRange     '1.3.2',
26 silly addNameRange     '1.3.3',
26 silly addNameRange     '1.3.5',
26 silly addNameRange     '1.3.6',
26 silly addNameRange     '1.3.7',
26 silly addNameRange     '1.3.8',
26 silly addNameRange     '1.4.0',
26 silly addNameRange     '1.4.1',
26 silly addNameRange     '2.0.0',
26 silly addNameRange     '2.0.1',
26 silly addNameRange     '2.0.2',
26 silly addNameRange     '2.1.0',
26 silly addNameRange     '2.1.1',
26 silly addNameRange     '2.2.0',
26 silly addNameRange     '2.2.1',
26 silly addNameRange     '2.3.0',
26 silly addNameRange     '2.3.1',
26 silly addNameRange     '2.3.2',
26 silly addNameRange     '2.3.3',
26 silly addNameRange     '2.3.4',
26 silly addNameRange     '2.3.5',
26 silly addNameRange     '2.3.6',
26 silly addNameRange     '2.3.7',
26 silly addNameRange     '2.3.8',
26 silly addNameRange     '2.4.0',
26 silly addNameRange     '2.5.0',
26 silly addNameRange     '2.6.0',
26 silly addNameRange     '2.6.1',
26 silly addNameRange     '3.2.0',
26 silly addNameRange     '3.2.1',
26 silly addNameRange     '3.2.2',
26 silly addNameRange     '3.2.3',
26 silly addNameRange     '3.2.4',
26 silly addNameRange     '3.2.5',
26 silly addNameRange     '3.2.6',
26 silly addNameRange     '3.2.7',
26 silly addNameRange     '3.2.8',
26 silly addNameRange     '3.3.0',
26 silly addNameRange     '3.3.1',
26 silly addNameRange     '3.3.2',
26 silly addNameRange     '4.0.0',
26 silly addNameRange     '4.0.1',
26 silly addNameRange     '4.0.2',
26 silly addNameRange     '4.0.3',
26 silly addNameRange     '4.1.0',
26 silly addNameRange     '4.1.1',
26 silly addNameRange     '5.0.0',
26 silly addNameRange     '5.0.1',
26 silly addNameRange     '5.0.2',
26 silly addNameRange     '5.0.3',
26 silly addNameRange     '5.0.4',
26 silly addNameRange     '5.0.5',
26 silly addNameRange     '5.1.0',
26 silly addNameRange     '5.1.1',
26 silly addNameRange     '5.1.2',
26 silly addNameRange     '5.2.0',
26 silly addNameRange     '5.2.1',
26 silly addNameRange     '5.2.2',
26 silly addNameRange     '5.2.3',
26 silly addNameRange     '5.2.4',
26 silly addNameRange     '5.2.5',
26 silly addNameRange     '6.0.0',
26 silly addNameRange     '6.0.2',
26 silly addNameRange     '6.0.3',
26 silly addNameRange     '6.0.4',
26 silly addNameRange     '6.0.5',
26 silly addNameRange     '6.0.6',
26 silly addNameRange     '6.0.7',
26 silly addNameRange     '6.0.8',
26 silly addNameRange     '6.0.9',
26 silly addNameRange     '6.0.10',
26 silly addNameRange     '6.0.11',
26 silly addNameRange     '6.0.12',
26 silly addNameRange     '6.0.13',
26 silly addNameRange     '6.0.14',
26 silly addNameRange     '6.1.0',
26 silly addNameRange     '6.1.2',
26 silly addNameRange     '6.1.3',
26 silly addNameRange     '6.2.0',
26 silly addNameRange     '6.3.0',
26 silly addNameRange     '6.3.1',
26 silly addNameRange     '6.3.2',
26 silly addNameRange     '6.3.3',
26 silly addNameRange     '6.4.0',
26 silly addNameRange     '6.4.1',
26 silly addNameRange     '6.4.2',
26 silly addNameRange     '6.5.0-dev',
26 silly addNameRange     '6.5.1-dev',
26 silly addNameRange     '6.5.2-dev',
26 silly addNameRange     '6.5.3-dev',
26 silly addNameRange     '6.5.4',
26 silly addNameRange     '6.5.5',
26 silly addNameRange     '6.5.6',
26 silly addNameRange     '6.5.7',
26 silly addNameRange     '6.6.1',
26 silly addNameRange     '6.6.2',
26 silly addNameRange     '6.6.3',
26 silly addNameRange     '6.6.4',
26 silly addNameRange     '6.6.5',
26 silly addNameRange     '6.6.6',
26 silly addNameRange     '6.6.7',
26 silly addNameRange     '6.6.8',
26 silly addNameRange     '6.7.0',
26 silly addNameRange     '6.7.1',
26 silly addNameRange     '6.7.2',
26 silly addNameRange     '6.7.3',
26 silly addNameRange     '6.7.4',
26 silly addNameRange     '6.8.0',
26 silly addNameRange     '6.8.1',
26 silly addNameRange     '6.8.2',
26 silly addNameRange     '6.8.3',
26 silly addNameRange     '6.8.4',
26 silly addNameRange     '6.9.0',
26 silly addNameRange     '6.9.1',
26 silly addNameRange     '6.9.2',
26 silly addNameRange     '6.10.0',
26 silly addNameRange     '6.11.0',
26 silly addNameRange     '6.11.1',
26 silly addNameRange     '6.12.0',
26 silly addNameRange     '6.12.1',
26 silly addNameRange     '6.13.0',
26 silly addNameRange     '6.13.1',
26 silly addNameRange     '6.13.2',
26 silly addNameRange     '6.13.3',
26 silly addNameRange     '6.13.4',
26 silly addNameRange     '6.14.0',
26 silly addNameRange     '6.15.0',
26 silly addNameRange     '6.16.0',
26 silly addNameRange     '6.17.0',
26 silly addNameRange     '6.17.1',
26 silly addNameRange     '6.17.2',
26 silly addNameRange     '6.17.3',
26 silly addNameRange     '6.18.0',
26 silly addNameRange     '6.19.0',
26 silly addNameRange     '6.20.0',
26 silly addNameRange     '6.20.1',
26 silly addNameRange     '6.21.0',
26 silly addNameRange     '6.21.1',
26 silly addNameRange     '6.21.2',
26 silly addNameRange     '6.21.3',
26 silly addNameRange     '6.21.4',
26 silly addNameRange     '6.21.5',
26 silly addNameRange     '6.21.6',
26 silly addNameRange     '6.21.7',
26 silly addNameRange     '6.21.8',
26 silly addNameRange     '6.21.9',
26 silly addNameRange     '6.21.10',
26 silly addNameRange     '6.22.0',
26 silly addNameRange     '6.23.0',
26 silly addNameRange     '6.24.0',
26 silly addNameRange     '6.24.1',
26 silly addNameRange     '6.24.2',
26 silly addNameRange     '6.25.0',
26 silly addNameRange     '6.26.0',
26 silly addNameRange     '6.26.1',
26 silly addNameRange     '6.26.2',
26 silly addNameRange     '6.27.0',
26 silly addNameRange     '6.28.0',
26 silly addNameRange     '6.29.0',
26 silly addNameRange     '6.30.0',
26 silly addNameRange     '6.30.1',
26 silly addNameRange     '6.30.2',
26 silly addNameRange     '6.30.3',
26 silly addNameRange     '6.30.4',
26 silly addNameRange     '6.30.5',
26 silly addNameRange     '6.31.0',
26 silly addNameRange     '6.31.1',
26 silly addNameRange     '6.31.2',
26 silly addNameRange     '6.31.3',
26 silly addNameRange     '6.31.4',
26 silly addNameRange     '6.31.5',
26 silly addNameRange     '6.31.6',
26 silly addNameRange     '6.32.0',
26 silly addNameRange     '6.33.0',
26 silly addNameRange     '6.34.0',
26 silly addNameRange     '6.34.1',
26 silly addNameRange     '6.34.2',
26 silly addNameRange     '6.35.0',
26 silly addNameRange     '6.36.0',
26 silly addNameRange     '6.36.1',
26 silly addNameRange     '6.36.2',
26 silly addNameRange     '6.37.0',
26 silly addNameRange     '6.37.1',
26 silly addNameRange     '6.38.0',
26 silly addNameRange     '6.38.1',
26 silly addNameRange     '6.39.0',
26 silly addNameRange     '6.40.0',
26 silly addNameRange     '6.41.0',
26 silly addNameRange     '6.42.0',
26 silly addNameRange     '6.42.1',
26 silly addNameRange     '6.42.2',
26 silly addNameRange     '6.42.3',
26 silly addNameRange     '6.43.0',
26 silly addNameRange     '6.43.1',
26 silly addNameRange     '6.43.2',
26 silly addNameRange     '6.44.0',
26 silly addNameRange     '6.45.0',
26 silly addNameRange     '6.45.1',
26 silly addNameRange     '6.46.0',
26 silly addNameRange     '6.46.1',
26 silly addNameRange     '6.46.2',
26 silly addNameRange     '6.46.3',
26 silly addNameRange     '6.46.4',
26 silly addNameRange     '6.46.5',
26 silly addNameRange     '6.47.0' ] ]
27 silly lockFile 1013769c-docpad-6-48 docpad@6.48
28 silly lockFile 1013769c-docpad-6-48 docpad@6.48
29 error Error: No compatible version found: docpad@'>=6.48.0- <6.49.0-'
29 error Valid install targets:
29 error ["0.1.0","0.4.0","0.5.0","0.5.1","0.6.0","0.6.1","0.7.0","0.8.0","0.8.1","0.8.3","0.9.0","0.9.1","0.9.2","0.9.3","0.9.4","0.9.5","0.9.6","0.9.7","0.9.8","0.9.9","0.9.10","0.9.11","0.9.12","0.9.13","0.9.14","0.9.15","0.9.16","0.9.17","0.9.18","0.9.19","0.9.20","0.9.21","0.9.22","0.10.0","1.0.0","1.0.1","1.0.2","1.0.3","1.1.1","1.1.2","1.1.3","1.1.4","1.1.6","1.2.0","1.2.1","1.2.2","1.2.3","1.2.4","1.2.5","1.3.0","1.3.1","1.3.2","1.3.3","1.3.5","1.3.6","1.3.7","1.3.8","1.4.0","1.4.1","2.0.0","2.0.1","2.0.2","2.1.0","2.1.1","2.2.0","2.2.1","2.3.0","2.3.1","2.3.2","2.3.3","2.3.4","2.3.5","2.3.6","2.3.7","2.3.8","2.4.0","2.5.0","2.6.0","2.6.1","3.2.0","3.2.1","3.2.2","3.2.3","3.2.4","3.2.5","3.2.6","3.2.7","3.2.8","3.3.0","3.3.1","3.3.2","4.0.0","4.0.1","4.0.2","4.0.3","4.1.0","4.1.1","5.0.0","5.0.1","5.0.2","5.0.3","5.0.4","5.0.5","5.1.0","5.1.1","5.1.2","5.2.0","5.2.1","5.2.2","5.2.3","5.2.4","5.2.5","6.0.0","6.0.2","6.0.3","6.0.4","6.0.5","6.0.6","6.0.7","6.0.8","6.0.9","6.0.10","6.0.11","6.0.12","6.0.13","6.0.14","6.1.0","6.1.2","6.1.3","6.2.0","6.3.0","6.3.1","6.3.2","6.3.3","6.4.0","6.4.1","6.4.2","6.5.0-dev","6.5.1-dev","6.5.2-dev","6.5.3-dev","6.5.4","6.5.5","6.5.6","6.5.7","6.6.1","6.6.2","6.6.3","6.6.4","6.6.5","6.6.6","6.6.7","6.6.8","6.7.0","6.7.1","6.7.2","6.7.3","6.7.4","6.8.0","6.8.1","6.8.2","6.8.3","6.8.4","6.9.0","6.9.1","6.9.2","6.10.0","6.11.0","6.11.1","6.12.0","6.12.1","6.13.0","6.13.1","6.13.2","6.13.3","6.13.4","6.14.0","6.15.0","6.16.0","6.17.0","6.17.1","6.17.2","6.17.3","6.18.0","6.19.0","6.20.0","6.20.1","6.21.0","6.21.1","6.21.2","6.21.3","6.21.4","6.21.5","6.21.6","6.21.7","6.21.8","6.21.9","6.21.10","6.22.0","6.23.0","6.24.0","6.24.1","6.24.2","6.25.0","6.26.0","6.26.1","6.26.2","6.27.0","6.28.0","6.29.0","6.30.0","6.30.1","6.30.2","6.30.3","6.30.4","6.30.5","6.31.0","6.31.1","6.31.2","6.31.3","6.31.4","6.31.5","6.31.6","6.32.0","6.33.0","6.34.0","6.34.1","6.34.2","6.35.0","6.36.0","6.36.1","6.36.2","6.37.0","6.37.1","6.38.0","6.38.1","6.39.0","6.40.0","6.41.0","6.42.0","6.42.1","6.42.2","6.42.3","6.43.0","6.43.1","6.43.2","6.44.0","6.45.0","6.45.1","6.46.0","6.46.1","6.46.2","6.46.3","6.46.4","6.46.5","6.47.0"]
29 error     at installTargetsError (c:\Program Files\nodejs\node_modules\npm\lib\cache.js:709:10)
29 error     at next (c:\Program Files\nodejs\node_modules\npm\lib\cache.js:688:17)
29 error     at c:\Program Files\nodejs\node_modules\npm\lib\cache.js:668:5
29 error     at saved (c:\Program Files\nodejs\node_modules\npm\node_modules\npm-registry-client\lib\get.js:138:7)
29 error     at Object.oncomplete (fs.js:107:15)
30 error If you need help, you may report this log at:
30 error     <http://github.com/isaacs/npm/issues>
30 error or email it to:
30 error     <npm-@googlegroups.com>
31 error System Windows_NT 6.2.9200
32 error command "c:\\Program Files\\nodejs\\node.exe" "c:\\Program Files\\nodejs\\node_modules\\npm\\bin\\npm-cli.js" "install" "-g" "docpad@6.48"
33 error cwd c:\Users\Michael\Desktop\MDM\MDM Projects\Mikeum.us\Development\Staging
34 error node -v v0.10.7
35 error npm -v 1.2.21
36 verbose exit [ 1, true ]
